<?xml version="1.0" encoding="UTF-8"?>
<!-- Generated by org.testng.reporters.JUnitReportReporter -->
<testsuite hostname="lptpganesh" failures="0" tests="1" name="testCases.TC001_AccountRegistrationTest" time="1.954" errors="0" timestamp="2025-06-27T11:31:48 IST" skipped="0">
  <testcase classname="testCases.TC001_AccountRegistrationTest" name="verify_account_registration" time="1.954"/>
</testsuite> <!-- testCases.TC001_AccountRegistrationTest -->
