<?xml version="1.0" encoding="UTF-8"?>
<!-- Generated by org.testng.reporters.JUnitReportReporter -->
<testsuite hostname="lptpganesh" failures="0" tests="1" name="testCases.TC001_AccountRegisterationTest" time="3.915" errors="0" timestamp="2025-05-18T21:45:17 IST" skipped="0">
  <testcase classname="testCases.TC001_AccountRegisterationTest" name="verify_Acoount_Reg" time="3.915"/>
</testsuite> <!-- testCases.TC001_AccountRegisterationTest -->
